{"C:\\Users\\True\\readfileTest\\getUserMergeAPI.js": {"path":"C:\\Users\\True\\readfileTest\\getUserMergeAPI.js","statementMap":{"0":{"start":{"line":1,"column":13},"end":{"line":1,"column":42}},"1":{"start":{"line":2,"column":11},"end":{"line":2,"column":24}},"2":{"start":{"line":3,"column":24},"end":{"line":10,"column":2}},"3":{"start":{"line":3,"column":38},"end":{"line":10,"column":2}},"4":{"start":{"line":4,"column":2},"end":{"line":9,"column":5}},"5":{"start":{"line":5,"column":4},"end":{"line":7,"column":5}},"6":{"start":{"line":6,"column":6},"end":{"line":6,"column":18}},"7":{"start":{"line":8,"column":4},"end":{"line":8,"column":18}},"8":{"start":{"line":11,"column":24},"end":{"line":29,"column":1}},"9":{"start":{"line":12,"column":20},"end":{"line":12,"column":29}},"10":{"start":{"line":13,"column":19},"end":{"line":13,"column":37}},"11":{"start":{"line":14,"column":21},"end":{"line":14,"column":72}},"12":{"start":{"line":14,"column":43},"end":{"line":14,"column":71}},"13":{"start":{"line":15,"column":2},"end":{"line":28,"column":3}},"14":{"start":{"line":16,"column":25},"end":{"line":16,"column":63}},"15":{"start":{"line":17,"column":29},"end":{"line":17,"column":71}},"16":{"start":{"line":18,"column":4},"end":{"line":23,"column":7}},"17":{"start":{"line":19,"column":25},"end":{"line":19,"column":27}},"18":{"start":{"line":20,"column":6},"end":{"line":20,"column":52}},"19":{"start":{"line":21,"column":6},"end":{"line":21,"column":32}},"20":{"start":{"line":22,"column":6},"end":{"line":22,"column":24}},"21":{"start":{"line":25,"column":4},"end":{"line":27,"column":7}},"22":{"start":{"line":26,"column":6},"end":{"line":26,"column":51}},"23":{"start":{"line":30,"column":0},"end":{"line":30,"column":33}}},"fnMap":{"0":{"name":"(anonymous_0)","decl":{"start":{"line":3,"column":24},"end":{"line":3,"column":25}},"loc":{"start":{"line":3,"column":38},"end":{"line":10,"column":2}},"line":3},"1":{"name":"(anonymous_1)","decl":{"start":{"line":3,"column":50},"end":{"line":3,"column":51}},"loc":{"start":{"line":3,"column":70},"end":{"line":10,"column":1}},"line":3},"2":{"name":"(anonymous_2)","decl":{"start":{"line":4,"column":30},"end":{"line":4,"column":31}},"loc":{"start":{"line":4,"column":44},"end":{"line":9,"column":3}},"line":4},"3":{"name":"(anonymous_3)","decl":{"start":{"line":11,"column":24},"end":{"line":11,"column":25}},"loc":{"start":{"line":11,"column":43},"end":{"line":29,"column":1}},"line":11},"4":{"name":"(anonymous_4)","decl":{"start":{"line":14,"column":36},"end":{"line":14,"column":37}},"loc":{"start":{"line":14,"column":43},"end":{"line":14,"column":71}},"line":14},"5":{"name":"(anonymous_5)","decl":{"start":{"line":18,"column":95},"end":{"line":18,"column":96}},"loc":{"start":{"line":18,"column":105},"end":{"line":23,"column":5}},"line":18},"6":{"name":"(anonymous_6)","decl":{"start":{"line":25,"column":23},"end":{"line":25,"column":24}},"loc":{"start":{"line":25,"column":35},"end":{"line":27,"column":5}},"line":25}},"branchMap":{"0":{"loc":{"start":{"line":5,"column":4},"end":{"line":7,"column":5}},"type":"if","locations":[{"start":{"line":5,"column":4},"end":{"line":7,"column":5}},{"start":{"line":5,"column":4},"end":{"line":7,"column":5}}],"line":5},"1":{"loc":{"start":{"line":14,"column":43},"end":{"line":14,"column":71}},"type":"cond-expr","locations":[{"start":{"line":14,"column":65},"end":{"line":14,"column":66}},{"start":{"line":14,"column":69},"end":{"line":14,"column":71}}],"line":14},"2":{"loc":{"start":{"line":15,"column":2},"end":{"line":28,"column":3}},"type":"if","locations":[{"start":{"line":15,"column":2},"end":{"line":28,"column":3}},{"start":{"line":15,"column":2},"end":{"line":28,"column":3}}],"line":15}},"s":{"0":1,"1":1,"2":1,"3":2,"4":2,"5":2,"6":0,"7":2,"8":1,"9":2,"10":2,"11":2,"12":5,"13":2,"14":1,"15":1,"16":1,"17":1,"18":1,"19":1,"20":1,"21":1,"22":1,"23":1},"f":{"0":2,"1":2,"2":2,"3":2,"4":5,"5":1,"6":1},"b":{"0":[0,2],"1":[1,4],"2":[1,1]},"_coverageSchema":"332fd63041d2c1bcb487cc26dd0d5f7d97098a6c","hash":"a8ecd178e6417e40762d73868ca73e558862f6c8"}
}
