TN:
SF:C:\Users\True\readfileTest\getUserMergeAPI.js
FN:3,(anonymous_0)
FN:3,(anonymous_1)
FN:4,(anonymous_2)
FN:11,(anonymous_3)
FN:14,(anonymous_4)
FN:18,(anonymous_5)
FN:25,(anonymous_6)
FNF:7
FNH:7
FNDA:2,(anonymous_0)
FNDA:2,(anonymous_1)
FNDA:2,(anonymous_2)
FNDA:2,(anonymous_3)
FNDA:5,(anonymous_4)
FNDA:1,(anonymous_5)
FNDA:1,(anonymous_6)
DA:1,1
DA:2,1
DA:3,2
DA:4,2
DA:5,2
DA:6,0
DA:8,2
DA:11,1
DA:12,2
DA:13,2
DA:14,5
DA:15,2
DA:16,1
DA:17,1
DA:18,1
DA:19,1
DA:20,1
DA:21,1
DA:22,1
DA:25,1
DA:26,1
DA:30,1
LF:22
LH:21
BRDA:5,0,0,0
BRDA:5,0,1,2
BRDA:14,1,0,1
BRDA:14,1,1,4
BRDA:15,2,0,1
BRDA:15,2,1,1
BRF:6
BRH:5
end_of_record
